<?xml version="1.0" encoding="UTF-8"?>
<!-- Generated by org.testng.reporters.JUnitXMLReporter -->
<testsuite hostname="DESKTOP-SC2D3TA" ignored="4" name="Default test" tests="1" failures="0" timestamp="2022-11-30T22:17:03 IST" time="16.088" errors="0">
  <testcase name="verify_validation_Message" time="10.726" classname="tditsolutions.tests.UpdateAccountTest"/>
  <testcase name="Verify_HomePageButton" time="0.0" classname="tditsolutions.tests.UpdateAccountTest">
    <ignored/>
  </testcase> <!-- Verify_HomePageButton -->
  <testcase name="Verify_AccountUpdated_succsessfully" time="0.0" classname="tditsolutions.tests.UpdateAccountTest">
    <ignored/>
  </testcase> <!-- Verify_AccountUpdated_succsessfully -->
  <testcase name="Verify_getUpdate_AccountTitle" time="0.0" classname="tditsolutions.tests.UpdateAccountTest">
    <ignored/>
  </testcase> <!-- Verify_getUpdate_AccountTitle -->
  <testcase name="Verify_SharesPriceUpdated_Successfully" time="0.0" classname="tditsolutions.tests.UpdateAccountTest">
    <ignored/>
  </testcase> <!-- Verify_SharesPriceUpdated_Successfully -->
</testsuite> <!-- Default test -->
