<?xml version="1.0" encoding="UTF-8"?>
<!-- Generated by org.testng.reporters.JUnitXMLReporter -->
<testsuite hostname="DESKTOP-SC2D3TA" ignored="0" name="Test" tests="5" failures="0" timestamp="2022-11-28T18:09:00 IST" time="25.973" errors="0">
  <testcase name="Verify_DoLoginPage" time="1.553" classname="tditsolutions.tests.LoginPageTest"/>
  <testcase name="Verify_Homepage" time="1.391" classname="tditsolutions.tests.HomePageTest"/>
  <testcase name="Verify_Add_Security" time="4.077" classname="tditsolutions.tests.AddSecurityPageTest"/>
  <testcase name="Verify_AddAccount_Page" time="0.0" classname="tditsolutions.tests.AddAccountTest">
    <skipped/>
  </testcase> <!-- Verify_AddAccount_Page -->
  <testcase name="verify_Homepage_Button" time="2.171" classname="tditsolutions.tests.AddAccountTest"/>
</testsuite> <!-- Test -->
