-------------------------------------------------------------------------------
Test set: TestSuite
-------------------------------------------------------------------------------
Tests run: 30, Failures: 9, Errors: 0, Skipped: 0, Time elapsed: 121.213 s <<< FAILURE! - in TestSuite
Verify_Add_Security(tditsolutions.tests.AddSecurityPageTest)  Time elapsed: 2.697 s  <<< FAILURE!
java.lang.AssertionError: expected [true] but found [false]
	at tditsolutions.tests.AddSecurityPageTest.Verify_Add_Security(AddSecurityPageTest.java:26)

verify_validation_Message(tditsolutions.tests.UpdateAccountTest)  Time elapsed: 1.64 s  <<< FAILURE!
java.lang.AssertionError: expected [Value must be greater than or equal to 0.] but found [Please select a value that is no less than 0.]
	at tditsolutions.tests.UpdateAccountTest.verify_validation_Message(UpdateAccountTest.java:89)

Verify_Account_Deleted_Succssesfully(tditsolutions.tests.DeleteAccountTest)  Time elapsed: 6.356 s  <<< FAILURE!
java.lang.AssertionError: expected [Account Deleted ] but found [Account not found ]
	at tditsolutions.tests.DeleteAccountTest.Verify_Account_Deleted_Succssesfully(DeleteAccountTest.java:22)

Verify_Add_Security(tditsolutions.tests.AddSecurityPageTest)  Time elapsed: 2.798 s  <<< FAILURE!
java.lang.AssertionError: expected [true] but found [false]
	at tditsolutions.tests.AddSecurityPageTest.Verify_Add_Security(AddSecurityPageTest.java:26)

Verify_AddAccount_Page(tditsolutions.tests.AddAccountTest)  Time elapsed: 2.088 s  <<< FAILURE!
java.lang.AssertionError: expected [Account Registered.. ] but found [Failed , try again ]
	at tditsolutions.tests.AddAccountTest.Verify_AddAccount_Page(AddAccountTest.java:28)

Verify_Account_Deleted_Succssesfully(tditsolutions.tests.DeleteAccountTest)  Time elapsed: 1.34 s  <<< FAILURE!
java.lang.AssertionError: expected [Account Deleted ] but found [Account not found ]
	at tditsolutions.tests.DeleteAccountTest.Verify_Account_Deleted_Succssesfully(DeleteAccountTest.java:22)

Verify_AddAccount_Page(tditsolutions.tests.AddAccountTest)  Time elapsed: 2.429 s  <<< FAILURE!
java.lang.AssertionError: expected [Account Registered.. ] but found [Failed , try again ]
	at tditsolutions.tests.AddAccountTest.Verify_AddAccount_Page(AddAccountTest.java:28)

Verify_AddAccount_Page(tditsolutions.tests.AddAccountTest)  Time elapsed: 2.181 s  <<< FAILURE!
java.lang.AssertionError: expected [Account Registered.. ] but found [Failed , try again ]
	at tditsolutions.tests.AddAccountTest.Verify_AddAccount_Page(AddAccountTest.java:28)

Verify_AddAccount_Page(tditsolutions.tests.AddAccountTest)  Time elapsed: 2.057 s  <<< FAILURE!
java.lang.AssertionError: expected [Account Registered.. ] but found [Failed , try again ]
	at tditsolutions.tests.AddAccountTest.Verify_AddAccount_Page(AddAccountTest.java:28)

