<?xml version="1.0" encoding="UTF-8"?>
<testng-results skipped="0" failed="0" ignored="4" total="5" passed="1">
  <reporter-output>
  </reporter-output>
  <suite name="Default suite" duration-ms="16088" started-at="2022-11-30T22:16:46 IST" finished-at="2022-11-30T22:17:03 IST">
    <groups>
    </groups>
    <test name="Default test" duration-ms="16088" started-at="2022-11-30T22:16:46 IST" finished-at="2022-11-30T22:17:03 IST">
      <class name="tditsolutions.tests.UpdateAccountTest">
        <test-method status="PASS" signature="beforemethod()[pri:0, instance:tditsolutions.tests.UpdateAccountTest@394e1a0f]" name="beforemethod" is-config="true" duration-ms="4642" started-at="2022-11-30T22:16:46 IST" finished-at="2022-11-30T22:16:51 IST">
          <reporter-output>
          </reporter-output>
        </test-method> <!-- beforemethod -->
        <test-method status="PASS" signature="verify_validation_Message()[pri:0, instance:tditsolutions.tests.UpdateAccountTest@394e1a0f]" name="verify_validation_Message" duration-ms="10726" started-at="2022-11-30T22:16:51 IST" finished-at="2022-11-30T22:17:02 IST">
          <reporter-output>
          </reporter-output>
        </test-method> <!-- verify_validation_Message -->
        <test-method status="PASS" signature="aftermethod()[pri:0, instance:tditsolutions.tests.UpdateAccountTest@394e1a0f]" name="aftermethod" is-config="true" duration-ms="673" started-at="2022-11-30T22:17:02 IST" finished-at="2022-11-30T22:17:03 IST">
          <reporter-output>
          </reporter-output>
        </test-method> <!-- aftermethod -->
      </class> <!-- tditsolutions.tests.UpdateAccountTest -->
    </test> <!-- Default test -->
  </suite> <!-- Default suite -->
</testng-results>
